<?xml version="1.0" encoding="UTF-8"?>
<testng-results ignored="0" total="1" passed="1" failed="0" skipped="0">
  <reporter-output>
  </reporter-output>
  <suite started-at="2023-04-12T22:14:12 IST" name="Default suite" finished-at="2023-04-12T22:14:22 IST" duration-ms="9559">
    <groups>
    </groups>
    <test started-at="2023-04-12T22:14:12 IST" name="Default test" finished-at="2023-04-12T22:14:22 IST" duration-ms="9559">
      <class name="testCases.TC_010_SubscriptionInHomePage">
        <test-method is-config="true" signature="setUp()[pri:0, instance:testCases.TC_010_SubscriptionInHomePage@31ea9581]" started-at="2023-04-12T22:14:12 IST" name="setUp" finished-at="2023-04-12T22:14:21 IST" duration-ms="8685" status="PASS">
          <reporter-output>
          </reporter-output>
        </test-method> <!-- setUp -->
        <test-method signature="testSubscriptionInHomePage()[pri:0, instance:testCases.TC_010_SubscriptionInHomePage@31ea9581]" started-at="2023-04-12T22:14:21 IST" name="testSubscriptionInHomePage" finished-at="2023-04-12T22:14:22 IST" duration-ms="811" status="PASS">
          <reporter-output>
          </reporter-output>
        </test-method> <!-- testSubscriptionInHomePage -->
      </class> <!-- testCases.TC_010_SubscriptionInHomePage -->
    </test> <!-- Default test -->
  </suite> <!-- Default suite -->
</testng-results>
